<?xml version="1.0" encoding="UTF-8"?>
<testng-results ignored="0" total="2" passed="2" failed="0" skipped="0">
  <reporter-output>
  </reporter-output>
  <suite started-at="2024-11-29T12:03:28 IST" name="Suite" finished-at="2024-11-29T12:03:42 IST" duration-ms="13666">
    <groups>
    </groups>
    <test started-at="2024-11-29T12:03:28 IST" name="Test" finished-at="2024-11-29T12:03:42 IST" duration-ms="13666">
      <class name="pac.New1Test">
        <test-method signature="firTest()[pri:0, instance:pac.New1Test@7aaca91a]" started-at="2024-11-29T12:03:28 IST" name="firTest" finished-at="2024-11-29T12:03:35 IST" duration-ms="7132" status="PASS">
          <reporter-output>
          </reporter-output>
        </test-method> <!-- firTest -->
      </class> <!-- pac.New1Test -->
      <class name="pac.New2Test">
        <test-method signature="firTest()[pri:0, instance:pac.New2Test@44c73c26]" started-at="2024-11-29T12:03:35 IST" name="firTest" finished-at="2024-11-29T12:03:42 IST" duration-ms="6285" status="PASS">
          <reporter-output>
          </reporter-output>
        </test-method> <!-- firTest -->
      </class> <!-- pac.New2Test -->
    </test> <!-- Test -->
  </suite> <!-- Suite -->
</testng-results>
